Сборка начата 02.11.2022 13:56:34.
Уровень детализации журнала: Normal.     1>Проект "C:\Users\Avdey\OneDrive\Рабочий стол\оаип\доп задания\9ая лаба\lab9. дихотомии\lab9. дихотомии.vcxproj" в узле 2 (целевые объекты Build).
     1>PrepareForBuild:
         Создание каталога "x64\Debug\lab9.4  .f040a900.tlog\".
       InitializeBuildStatus:
         Создание "x64\Debug\lab9.4  .f040a900.tlog\unsuccessfulbuild", так как было задано "AlwaysCreate".
       ClCompile:
         C:\Program Files\Microsoft Visual Studio\2022\Community\VC\Tools\MSVC\14.33.31629\bin\HostX64\x64\CL.exe /c /ZI /JMC /nologo /W3 /WX- /diagnostics:column /sdl /Od /D _DEBUG /D _CONSOLE /D _UNICODE /D UNICODE /Gm- /EHsc /RTC1 /MDd /GS /fp:precise /Zc:wchar_t /Zc:forScope /Zc:inline /permissive- /Fo"x64\Debug\\" /Fd"x64\Debug\vc143.pdb" /external:W3 /Gd /TP /FC /errorReport:prompt "4, дихотомии.cpp"
         4, дихотомии.cpp
     1>C:\Users\Avdey\OneDrive\Рабочий стол\оаип\доп задания\9ая лаба\lab9. дихотомии\4, дихотомии.cpp(3,1): warning C4326: возвращаемый тип "main" должен быть "int", а не "void"
       Link:
         C:\Program Files\Microsoft Visual Studio\2022\Community\VC\Tools\MSVC\14.33.31629\bin\HostX64\x64\link.exe /ERRORREPORT:PROMPT /OUT:"C:\Users\Avdey\OneDrive\Рабочий стол\оаип\доп задания\9ая лаба\lab9. дихотомии\x64\Debug\lab9.4  дихотомии.exe" /INCREMENTAL /ILK:"x64\Debug\lab9.4  дихотомии.ilk" /NOLOGO kernel32.lib user32.lib gdi32.lib winspool.lib comdlg32.lib advapi32.lib shell32.lib ole32.lib oleaut32.lib uuid.lib odbc32.lib odbccp32.lib /MANIFEST /MANIFESTUAC:"level='asInvoker' uiAccess='false'" /manifest:embed /DEBUG /PDB:"C:\Users\Avdey\OneDrive\Рабочий стол\оаип\доп задания\9ая лаба\lab9. дихотомии\x64\Debug\lab9.4  дихотомии.pdb" /SUBSYSTEM:CONSOLE /TLBID:1 /DYNAMICBASE /NXCOMPAT /IMPLIB:"C:\Users\Avdey\OneDrive\Рабочий стол\оаип\доп задания\9ая лаба\lab9. дихотомии\x64\Debug\lab9.4  дихотомии.lib" /MACHINE:X64 "x64\Debug\4, дихотомии.obj"
         lab9. дихотомии.vcxproj -> C:\Users\Avdey\OneDrive\Рабочий стол\оаип\доп задания\9ая лаба\lab9. дихотомии\x64\Debug\lab9.4  дихотомии.exe
       FinalizeBuildStatus:
         Файл "x64\Debug\lab9.4  .f040a900.tlog\unsuccessfulbuild" удаляется.
         Обращение к "x64\Debug\lab9.4  .f040a900.tlog\lab9.4  дихотомии.lastbuildstate".
     1>Сборка проекта "C:\Users\Avdey\OneDrive\Рабочий стол\оаип\доп задания\9ая лаба\lab9. дихотомии\lab9. дихотомии.vcxproj" завершена (целевые объекты Build).

Сборка успешно завершена.

       "C:\Users\Avdey\OneDrive\Рабочий стол\оаип\доп задания\9ая лаба\lab9. дихотомии\lab9. дихотомии.vcxproj" (целевой объект Build ) (1) ->
       (Целевой объект ClCompile) -> 
         C:\Users\Avdey\OneDrive\Рабочий стол\оаип\доп задания\9ая лаба\lab9. дихотомии\4, дихотомии.cpp(3,1): warning C4326: возвращаемый тип "main" должен быть "int", а не "void"

    Предупреждений: 1
    Ошибок: 0

Прошло времени 00:00:01.68
